<?xml version="1.0" encoding="UTF-8"?>
<testsuites>
  <testsuite name="Project Test Suite" tests="3" assertions="5" errors="0" failures="1" skipped="0" time="0.084">
    <testsuite name="AuthTest" file="/app/tests/AuthTest.php" tests="2" assertions="3" errors="0" failures="1" skipped="0" time="0.061">
      <testcase name="testLoginSucceeds" class="AuthTest" classname="AuthTest" file="/app/tests/AuthTest.php" line="14" assertions="2" time="0.040"/>
      <testcase name="testLoginRejectsBadToken" class="AuthTest" classname="AuthTest" file="/app/tests/AuthTest.php" line="27" assertions="1" time="0.021">
        <failure type="PHPUnit\Framework\ExpectationFailedException">AuthTest::testLoginRejectsBadToken
Failed asserting that false is true.

/app/tests/AuthTest.php:31</failure>
      </testcase>
    </testsuite>
    <testsuite name="BillingTest" file="/app/tests/BillingTest.php" tests="1" assertions="2" errors="0" failures="0" skipped="0" time="0.023">
      <testcase name="testInvoiceTotal" class="BillingTest" classname="BillingTest" file="/app/tests/BillingTest.php" line="9" assertions="2" time="0.023"/>
    </testsuite>
  </testsuite>
</testsuites>
