<?xml version="1.0" encoding="utf-8"?>
<testsuites>
  <testsuite name="pytest" errors="1" failures="1" skipped="1" tests="4" time="1.234" timestamp="2026-08-17T10:00:00.000000" hostname="runner-1">
    <testcase classname="tests.test_auth" name="test_login" time="0.012"/>
    <testcase classname="tests.test_auth" name="test_logout" time="0.031">
      <failure message="assert 401 == 200">tests/test_auth.py:42: AssertionError
assert 401 == 200
 +  where 401 = &lt;Response [401]&gt;.status_code</failure>
    </testcase>
    <testcase classname="tests.test_auth" name="test_refresh" time="0.000">
      <skipped type="pytest.skip" message="requires network">tests/test_auth.py:60: requires network</skipped>
    </testcase>
    <testcase classname="tests.test_billing" name="test_charge[stripe-usd]" time="0.501">
      <error message="ConnectionError">requests.exceptions.ConnectionError: connection refused</error>
    </testcase>
  </testsuite>
</testsuites>
